<?xml version="1.0" encoding="UTF-8"?>
<!-- Generated by org.testng.reporters.JUnitReportReporter -->
<testsuite hostname="DESKTOP-JRBR4L0" failures="0" tests="1" name="hrms.qa.testcases.UserTest" time="23.185" errors="0" timestamp="2024-11-04T10:30:37 IST" skipped="0">
  <testcase classname="hrms.qa.testcases.UserTest" name="doLogi" time="23.185"/>
</testsuite> <!-- hrms.qa.testcases.UserTest -->
