<?xml version="1.0" encoding="UTF-8"?>
<!-- Generated by org.testng.reporters.JUnitReportReporter -->
<testsuite hostname="DESKTOP-JRBR4L0" failures="0" tests="1" name="hrms.qa.testcases.TestClass" time="15.305" errors="0" timestamp="2024-11-28T11:11:31 IST" skipped="0">
  <testcase classname="hrms.qa.testcases.TestClass" name="ab" time="15.305"/>
</testsuite> <!-- hrms.qa.testcases.TestClass -->
