<?xml version="1.0" encoding="UTF-8"?>
<!-- Generated by org.testng.reporters.JUnitReportReporter -->
<testsuite hostname="DESKTOP-JRBR4L0" failures="0" tests="8" name="hrms.qa.testcases.LoginTest" time="52.465" errors="0" timestamp="2024-12-02T18:46:02 IST" skipped="0">
  <testcase classname="hrms.qa.testcases.LoginTest" name="testResetPassword" time="8.015"/>
  <testcase classname="hrms.qa.testcases.LoginTest" name="invalidCredentialsValidation" time="6.213"/>
  <testcase classname="hrms.qa.testcases.LoginTest" name="loginvalidation" time="7.401"/>
  <testcase classname="hrms.qa.testcases.LoginTest" name="validateLabelTextsAndVisibility" time="5.461"/>
  <testcase classname="hrms.qa.testcases.LoginTest" name="verifyBackButton" time="6.470"/>
  <testcase classname="hrms.qa.testcases.LoginTest" name="InvalidemailValidation" time="6.545"/>
  <testcase classname="hrms.qa.testcases.LoginTest" name="loginWithOutEmail" time="6.597"/>
  <testcase classname="hrms.qa.testcases.LoginTest" name="loginWithoutPassword" time="5.763"/>
</testsuite> <!-- hrms.qa.testcases.LoginTest -->
