<?xml version="1.0" encoding="UTF-8"?>
<!-- Generated by org.testng.reporters.JUnitReportReporter -->
<testsuite hostname="DESKTOP-JRBR4L0" failures="0" tests="8" name="hrms.qa.testcases.LoginTest" time="81.730" errors="0" timestamp="2024-11-13T21:41:08 IST" skipped="0">
  <testcase classname="hrms.qa.testcases.LoginTest" name="testResetPassword" time="10.476"/>
  <testcase classname="hrms.qa.testcases.LoginTest" name="validateLabelTextsAndVisibility" time="8.232"/>
  <testcase classname="hrms.qa.testcases.LoginTest" name="invalidCredentialsValidation" time="8.805"/>
  <testcase classname="hrms.qa.testcases.LoginTest" name="InvalidemailValidation" time="7.705"/>
  <testcase classname="hrms.qa.testcases.LoginTest" name="loginWithOutEmail" time="8.504"/>
  <testcase classname="hrms.qa.testcases.LoginTest" name="verifyBackButton" time="17.540"/>
  <testcase classname="hrms.qa.testcases.LoginTest" name="loginWithoutPassword" time="11.899"/>
  <testcase classname="hrms.qa.testcases.LoginTest" name="loginvalidation" time="8.569"/>
</testsuite> <!-- hrms.qa.testcases.LoginTest -->
