<?xml version="1.0" encoding="UTF-8"?>
<!-- Generated by org.testng.reporters.JUnitReportReporter -->
<testsuite hostname="DESKTOP-JRBR4L0" failures="0" tests="2" name="hrms.qa.testcases.ProjectAdministrationTest" time="89.891" errors="0" timestamp="2024-11-19T16:19:53 IST" skipped="0">
  <testcase classname="hrms.qa.testcases.ProjectAdministrationTest" name="createProject" time="47.960"/>
  <testcase classname="hrms.qa.testcases.ProjectAdministrationTest" name="createProject" time="41.931"/>
</testsuite> <!-- hrms.qa.testcases.ProjectAdministrationTest -->
