<?xml version="1.0" encoding="UTF-8"?>
<!-- Generated by org.testng.reporters.JUnitReportReporter -->
<testsuite hostname="DESKTOP-JRBR4L0" failures="0" tests="1" name="hrms.qa.testcases.TaskOverSightTest" time="22.982" errors="0" timestamp="2024-11-15T11:49:23 IST" skipped="0">
  <testcase classname="hrms.qa.testcases.TaskOverSightTest" name="testteask" time="22.982"/>
</testsuite> <!-- hrms.qa.testcases.TaskOverSightTest -->
