<?xml version="1.0" encoding="UTF-8"?>
<!-- Generated by org.testng.reporters.JUnitReportReporter -->
<testsuite hostname="DESKTOP-JRBR4L0" failures="0" tests="1" name="hrms.qa.testcases.HomeTest" time="89.480" errors="0" timestamp="2024-11-20T15:59:10 IST" skipped="0">
  <testcase classname="hrms.qa.testcases.HomeTest" name="testBrokenLinks" time="89.480"/>
</testsuite> <!-- hrms.qa.testcases.HomeTest -->
