<?xml version="1.0" encoding="UTF-8"?>
<!-- Generated by org.testng.reporters.JUnitReportReporter -->
<testsuite hostname="DESKTOP-JRBR4L0" failures="0" tests="1" name="hrms.qa.testcases.HomeTest" time="8.971" errors="0" timestamp="2024-11-15T12:17:38 IST" skipped="0">
  <testcase classname="hrms.qa.testcases.HomeTest" name="testBrokenLinks" time="8.971"/>
</testsuite> <!-- hrms.qa.testcases.HomeTest -->
