<?xml version="1.0" encoding="UTF-8"?>
<!-- Generated by org.testng.reporters.JUnitReportReporter -->
<testsuite hostname="DESKTOP-JRBR4L0" failures="0" tests="2" name="hrms.qa.testcases.ProjectAdministrationTest" time="97.754" errors="0" timestamp="2024-11-13T22:23:52 IST" skipped="0">
  <testcase classname="hrms.qa.testcases.ProjectAdministrationTest" name="createProject" time="47.061"/>
  <testcase classname="hrms.qa.testcases.ProjectAdministrationTest" name="createProject" time="50.693"/>
</testsuite> <!-- hrms.qa.testcases.ProjectAdministrationTest -->
