<?xml version="1.0" encoding="UTF-8"?>
<!-- Generated by org.testng.reporters.JUnitReportReporter -->
<testsuite hostname="DESKTOP-JRBR4L0" failures="0" tests="2" name="hrms.qa.testcases.RoleTest" time="47.790" errors="0" timestamp="2024-11-26T18:05:32 IST" skipped="0">
  <testcase classname="hrms.qa.testcases.RoleTest" name="addRole" time="25.989"/>
  <testcase classname="hrms.qa.testcases.RoleTest" name="validation" time="21.801"/>
</testsuite> <!-- hrms.qa.testcases.RoleTest -->
