<?xml version="1.0" encoding="UTF-8"?>
<!-- Generated by org.testng.reporters.JUnitReportReporter -->
<testsuite hostname="DESKTOP-JRBR4L0" failures="0" tests="8" name="hrms.qa.testcases.LoginTest" time="33.664" errors="0" timestamp="2024-10-28T11:58:07 IST" skipped="0">
  <testcase classname="hrms.qa.testcases.LoginTest" name="invalidCredentialsValidation" time="3.827"/>
  <testcase classname="hrms.qa.testcases.LoginTest" name="loginvalidation" time="3.713"/>
  <testcase classname="hrms.qa.testcases.LoginTest" name="testResetPassword" time="6.112"/>
  <testcase classname="hrms.qa.testcases.LoginTest" name="validateLabelTextsAndVisibility" time="3.695"/>
  <testcase classname="hrms.qa.testcases.LoginTest" name="loginWithoutPassword" time="5.342"/>
  <testcase classname="hrms.qa.testcases.LoginTest" name="InvalidemailValidation" time="3.902"/>
  <testcase classname="hrms.qa.testcases.LoginTest" name="verifyBackButton" time="4.113"/>
  <testcase classname="hrms.qa.testcases.LoginTest" name="loginWithOutEmail" time="2.960"/>
</testsuite> <!-- hrms.qa.testcases.LoginTest -->
